<?xml version="1.0" encoding="UTF-8"?>
<!-- Generated by org.testng.reporters.JUnitXMLReporter -->
<testsuite hostname="leomahesh-PC" name="Surefire test" tests="3" failures="0" timestamp="10 Oct 2019 14:27:39 GMT" time="0.052" errors="0">
  <testcase name="@BeforeMethod setupTest" time="0.0" classname="OnCall.MyTestCases.LoginTest">
    <failure type="org.testng.TestNGException" message="
Parameter &amp;apos;browser&amp;apos; is required by @Configuration on method setupTest but has not been marked @Optional or defined
">
      <![CDATA[org.testng.TestNGException: 
Parameter 'browser' is required by @Configuration on method setupTest but has not been marked @Optional or defined

... Removed 28 stack frames]]>
    </failure>
  </testcase> <!-- @BeforeMethod setupTest -->
  <testcase name="@AfterMethod tearDown" time="0.0" classname="OnCall.MyTestCases.LoginTest">
    <skipped/>
  </testcase> <!-- @AfterMethod tearDown -->
  <testcase name="@BeforeMethod setupTest" time="0.0" classname="OnCall.MyTestCases.LoginTest">
    <skipped/>
  </testcase> <!-- @BeforeMethod setupTest -->
  <testcase name="@AfterMethod tearDown" time="0.0" classname="OnCall.MyTestCases.LoginTest">
    <skipped/>
  </testcase> <!-- @AfterMethod tearDown -->
  <testcase name="@BeforeMethod setupTest" time="0.0" classname="OnCall.MyTestCases.LoginTest">
    <skipped/>
  </testcase> <!-- @BeforeMethod setupTest -->
  <testcase name="@AfterMethod tearDown" time="0.0" classname="OnCall.MyTestCases.LoginTest">
    <skipped/>
  </testcase> <!-- @AfterMethod tearDown -->
  <testcase name="verifyLoginPageTitle" time="0.006" classname="OnCall.MyTestCases.LoginTest">
    <skipped/>
  </testcase> <!-- verifyLoginPageTitle -->
  <testcase name="verifyLoginPageheader" time="0.0" classname="OnCall.MyTestCases.LoginTest">
    <skipped/>
  </testcase> <!-- verifyLoginPageheader -->
  <testcase name="doLoingTest" time="0.0" classname="OnCall.MyTestCases.LoginTest">
    <skipped/>
  </testcase> <!-- doLoingTest -->
</testsuite> <!-- Surefire test -->
