-------------------------------------------------------------------------------
Test set: TestSuite
-------------------------------------------------------------------------------
Tests run: 9, Failures: 1, Errors: 0, Skipped: 8, Time elapsed: 1.021 s <<< FAILURE! - in TestSuite
setupTest(OnCall.MyTestCases.LoginTest)  Time elapsed: 0.81 s  <<< FAILURE!
org.testng.TestNGException: 

Parameter 'browser' is required by @Configuration on method setupTest but has not been marked @Optional or defined


